<?xml version="1.0" encoding="UTF-8"?>
<!-- Generated by org.testng.reporters.JUnitXMLReporter -->
<testsuite ignored="0" hostname="LAPTOP-G0Q0VPPM" failures="0" tests="6" name="Default test" time="640.039" errors="0" timestamp="2023-09-02T15:57:01 IST">
  <testcase classname="testCase.TC01" name="verifyRegistration" time="34.848"/>
  <testcase classname="testCase.TC01" name="checkLogin" time="5.536"/>
  <testcase classname="testCase.TC01" name="verifyGetWindowhandle" time="73.964"/>
  <testcase classname="testCase.TC01" name="verifyFooter" time="0.075"/>
  <testcase classname="testCase.TC01" name="checkScrolling" time="21.364"/>
  <testcase classname="testCase.TC01" name="chcekSearchAndFilter" time="7.031"/>
</testsuite> <!-- Default test -->
